<?xml version="1.0" encoding="UTF-8"?>
<!-- Generated by org.testng.reporters.JUnitXMLReporter -->
<testsuite hostname="LAPTOP-9S02J07H" ignored="0" name="TestModule6" tests="5" failures="0" timestamp="17 Sep 2019 11:16:52 GMT" time="98.001" errors="0">
  <testcase name="tc02" time="33.652" classname="driverScript.MainScript"/>
  <testcase name="tc01" time="13.738" classname="driverScript.MainScript"/>
  <testcase name="tc03" time="29.294" classname="driverScript.MainScript"/>
  <testcase name="tc04" time="11.492" classname="driverScript.MainScript"/>
  <testcase name="tc05" time="9.801" classname="driverScript.MainScript"/>
</testsuite> <!-- TestModule6 -->
