<?xml version="1.0" encoding="UTF-8"?>
<!-- Generated by org.testng.reporters.JUnitXMLReporter -->
<testsuite hostname="LAPTOP-9S02J07H" ignored="0" name="Default test" tests="5" failures="0" timestamp="11 Sep 2019 11:56:57 GMT" time="62.688" errors="0">
  <testcase name="tc02" time="18.685" classname="driverScript.MainScript"/>
  <testcase name="tc01" time="5.693" classname="driverScript.MainScript"/>
  <testcase name="tc03" time="21.78" classname="driverScript.MainScript"/>
  <testcase name="tc04" time="9.696" classname="driverScript.MainScript"/>
  <testcase name="tc05" time="6.761" classname="driverScript.MainScript"/>
</testsuite> <!-- Default test -->
